<?xml version="1.0" encoding="UTF-8"?><testrun name="Parametrizar" project="JunitTest" tests="1" started="1" failures="0" errors="1" ignored="0">
  <testsuite name="atividade7.Parametrizar" time="0.0">
    <testcase name="initializationError" classname="atividade7.Parametrizar" time="0.0">
      <error>java.lang.RuntimeException: Could not successfully read parameters from file: atividade7/dados.csv&#13;
	at junitparams.custom.FileParametersProvider.paramsFromFile(FileParametersProvider.java:39)&#13;
	at junitparams.custom.FileParametersProvider.getParameters(FileParametersProvider.java:24)&#13;
	at junitparams.internal.parameters.ParametersFromCustomProvider.getParameters(ParametersFromCustomProvider.java:32)&#13;
	at junitparams.internal.parameters.ParametersReader.read(ParametersReader.java:47)&#13;
	at junitparams.internal.TestMethod$2.computeValue(TestMethod.java:55)&#13;
	at junitparams.internal.TestMethod$2.computeValue(TestMethod.java:52)&#13;
	at junitparams.internal.Memoizer.get(Memoizer.java:11)&#13;
	at junitparams.internal.TestMethod.parametersSets(TestMethod.java:116)&#13;
	at junitparams.internal.TestMethod.hasNoParameters(TestMethod.java:104)&#13;
	at junitparams.internal.TestMethod.isIgnored(TestMethod.java:96)&#13;
	at junitparams.internal.TestMethod.isNotIgnored(TestMethod.java:108)&#13;
	at junitparams.internal.ParameterisedTestClassRunner.addTestMethodForEachParamSet(ParameterisedTestClassRunner.java:86)&#13;
	at junitparams.internal.ParameterisedTestClassRunner.computeFrameworkMethods(ParameterisedTestClassRunner.java:60)&#13;
	at junitparams.internal.ParameterisedTestClassRunner.&lt;init&gt;(ParameterisedTestClassRunner.java:36)&#13;
	at junitparams.JUnitParamsRunner.&lt;init&gt;(JUnitParamsRunner.java:401)&#13;
	at sun.reflect.NativeConstructorAccessorImpl.newInstance0(Native Method)&#13;
	at sun.reflect.NativeConstructorAccessorImpl.newInstance(NativeConstructorAccessorImpl.java:62)&#13;
	at sun.reflect.DelegatingConstructorAccessorImpl.newInstance(DelegatingConstructorAccessorImpl.java:45)&#13;
	at java.lang.reflect.Constructor.newInstance(Constructor.java:423)&#13;
	at org.junit.internal.builders.AnnotatedBuilder.buildRunner(AnnotatedBuilder.java:104)&#13;
	at org.junit.internal.builders.AnnotatedBuilder.runnerForClass(AnnotatedBuilder.java:86)&#13;
	at org.junit.runners.model.RunnerBuilder.safeRunnerForClass(RunnerBuilder.java:70)&#13;
	at org.junit.internal.builders.AllDefaultPossibilitiesBuilder.runnerForClass(AllDefaultPossibilitiesBuilder.java:37)&#13;
	at org.junit.runners.model.RunnerBuilder.safeRunnerForClass(RunnerBuilder.java:70)&#13;
	at org.junit.internal.requests.ClassRequest.createRunner(ClassRequest.java:28)&#13;
	at org.junit.internal.requests.MemoizingRequest.getRunner(MemoizingRequest.java:19)&#13;
	at org.eclipse.jdt.internal.junit4.runner.JUnit4TestLoader.createUnfilteredTest(JUnit4TestLoader.java:90)&#13;
	at org.eclipse.jdt.internal.junit4.runner.JUnit4TestLoader.createTest(JUnit4TestLoader.java:76)&#13;
	at org.eclipse.jdt.internal.junit4.runner.JUnit4TestLoader.loadTests(JUnit4TestLoader.java:49)&#13;
	at org.eclipse.jdt.internal.junit.runner.RemoteTestRunner.runTests(RemoteTestRunner.java:526)&#13;
	at org.eclipse.jdt.internal.junit.runner.RemoteTestRunner.runTests(RemoteTestRunner.java:770)&#13;
	at org.eclipse.jdt.internal.junit.runner.RemoteTestRunner.run(RemoteTestRunner.java:464)&#13;
	at org.eclipse.jdt.internal.junit.runner.RemoteTestRunner.main(RemoteTestRunner.java:210)&#13;
Caused by: java.io.FileNotFoundException: atividade7\dados.csv (O sistema n√£o pode encontrar o caminho especificado)&#13;
	at java.io.FileInputStream.open0(Native Method)&#13;
	at java.io.FileInputStream.open(FileInputStream.java:195)&#13;
	at java.io.FileInputStream.&lt;init&gt;(FileInputStream.java:138)&#13;
	at java.io.FileInputStream.&lt;init&gt;(FileInputStream.java:93)&#13;
	at junitparams.custom.FileParametersProvider.createProperReader(FileParametersProvider.java:48)&#13;
	at junitparams.custom.FileParametersProvider.paramsFromFile(FileParametersProvider.java:29)&#13;
	... 32 more&#13;
&#13;
</error>
    </testcase>
  </testsuite>
</testrun>
